<?xml version="1.0" encoding="UTF-8"?>
<testng-results skipped="0" failed="0" ignored="0" total="1" passed="1">
  <reporter-output>
  </reporter-output>
  <suite name="Default suite" duration-ms="14826" started-at="2021-01-17T11:13:06Z" finished-at="2021-01-17T11:13:21Z">
    <groups>
    </groups>
    <test name="Default test" duration-ms="14826" started-at="2021-01-17T11:13:06Z" finished-at="2021-01-17T11:13:21Z">
      <class name="org.testng.testcases.TestScripts">
        <test-method status="PASS" signature="setup()[pri:0, instance:org.testng.testcases.TestScripts@5e5792a0]" name="setup" is-config="true" duration-ms="12312" started-at="2021-01-17T11:13:06Z" finished-at="2021-01-17T11:13:18Z">
          <reporter-output>
          </reporter-output>
        </test-method> <!-- setup -->
        <test-method status="PASS" signature="testScripts()[pri:0, instance:org.testng.testcases.TestScripts@5e5792a0]" name="testScripts" duration-ms="2477" started-at="2021-01-17T11:13:19Z" finished-at="2021-01-17T11:13:21Z">
          <reporter-output>
          </reporter-output>
        </test-method> <!-- testScripts -->
      </class> <!-- org.testng.testcases.TestScripts -->
    </test> <!-- Default test -->
  </suite> <!-- Default suite -->
</testng-results>
